0 info it worked if it ends with ok
1 verbose cli [ 'D:\\nodejs\\node.exe',
1 verbose cli   'D:\\nodejs\\node_modules\\npm\\bin\\npm-cli.js',
1 verbose cli   'install',
1 verbose cli   'gulp',
1 verbose cli   '--save-dev' ]
2 info using npm@3.5.3
3 info using node@v5.5.0
4 silly loadCurrentTree Starting
5 silly install loadCurrentTree
6 silly install readLocalPackageData
7 silly fetchPackageMetaData gulp
8 silly fetchNamedPackageData gulp
9 silly mapToRegistry name gulp
10 silly mapToRegistry using default registry
11 silly mapToRegistry registry https://registry.npmjs.org/
12 silly mapToRegistry uri https://registry.npmjs.org/gulp
13 verbose request uri https://registry.npmjs.org/gulp
14 verbose request no auth needed
15 info attempt registry request try #1 at 20:31:07
16 verbose request id bd09db3c57a548f7
17 verbose etag "DQC7MKH7WHNFMCP0CHHTZZT5W"
18 http request GET https://registry.npmjs.org/gulp
19 http 304 https://registry.npmjs.org/gulp
20 verbose headers { date: 'Thu, 28 Jan 2016 12:31:10 GMT',
20 verbose headers   via: '1.1 varnish',
20 verbose headers   'cache-control': 'max-age=300',
20 verbose headers   etag: '"DQC7MKH7WHNFMCP0CHHTZZT5W"',
20 verbose headers   age: '52',
20 verbose headers   connection: 'keep-alive',
20 verbose headers   'x-served-by': 'cache-hkg6827-HKG',
20 verbose headers   'x-cache': 'HIT',
20 verbose headers   'x-cache-hits': '47',
20 verbose headers   'x-timer': 'S1453984270.442613,VS0,VE0',
20 verbose headers   vary: 'Accept' }
21 silly get cb [ 304,
21 silly get   { date: 'Thu, 28 Jan 2016 12:31:10 GMT',
21 silly get     via: '1.1 varnish',
21 silly get     'cache-control': 'max-age=300',
21 silly get     etag: '"DQC7MKH7WHNFMCP0CHHTZZT5W"',
21 silly get     age: '52',
21 silly get     connection: 'keep-alive',
21 silly get     'x-served-by': 'cache-hkg6827-HKG',
21 silly get     'x-cache': 'HIT',
21 silly get     'x-cache-hits': '47',
21 silly get     'x-timer': 'S1453984270.442613,VS0,VE0',
21 silly get     vary: 'Accept' } ]
22 verbose etag https://registry.npmjs.org/gulp from cache
23 verbose get saving gulp to D:\nvm\npm-cache\registry.npmjs.org\gulp\.cache.json
24 silly install normalizeTree
25 silly loadCurrentTree Finishing
26 silly loadIdealTree Starting
27 silly install loadIdealTree
28 silly cloneCurrentTree Starting
29 silly install cloneCurrentTreeToIdealTree
30 silly cloneCurrentTree Finishing
31 silly loadShrinkwrap Starting
32 silly install loadShrinkwrap
33 silly loadShrinkwrap Finishing
34 silly loadAllDepsIntoIdealTree Starting
35 silly install loadAllDepsIntoIdealTree
36 silly rollbackFailedOptional Starting
37 silly rollbackFailedOptional Finishing
38 silly runTopLevelLifecycles Starting
39 silly runTopLevelLifecycles Finishing
40 silly install printInstalled
41 verbose stack Error: Refusing to install gulp as a dependency of itself
41 verbose stack     at checkSelf (D:\nvm\v5.5.0\node_modules\npm\lib\install\validate-args.js:40:14)
41 verbose stack     at Array.<anonymous> (D:\nvm\v5.5.0\node_modules\npm\node_modules\slide\lib\bind-actor.js:15:8)
41 verbose stack     at LOOP (D:\nvm\v5.5.0\node_modules\npm\node_modules\slide\lib\chain.js:15:14)
41 verbose stack     at chain (D:\nvm\v5.5.0\node_modules\npm\node_modules\slide\lib\chain.js:20:5)
41 verbose stack     at D:\nvm\v5.5.0\node_modules\npm\lib\install\validate-args.js:15:5
41 verbose stack     at D:\nvm\v5.5.0\node_modules\npm\node_modules\slide\lib\async-map.js:52:35
41 verbose stack     at Array.forEach (native)
41 verbose stack     at D:\nvm\v5.5.0\node_modules\npm\node_modules\slide\lib\async-map.js:52:11
41 verbose stack     at Array.forEach (native)
41 verbose stack     at asyncMap (D:\nvm\v5.5.0\node_modules\npm\node_modules\slide\lib\async-map.js:51:8)
42 verbose cwd F:\webstom\lxkj\gulp
43 error Windows_NT 6.1.7601
44 error argv "D:\\nodejs\\node.exe" "D:\\nodejs\\node_modules\\npm\\bin\\npm-cli.js" "install" "gulp" "--save-dev"
45 error node v5.5.0
46 error npm  v3.5.3
47 error code ENOSELF
48 error Refusing to install gulp as a dependency of itself
49 error If you need help, you may report this error at:
49 error     <https://github.com/npm/npm/issues>
50 verbose exit [ 1, true ]
